<?xml version="1.0" encoding="UTF-8"?>
<!-- Generated by org.testng.reporters.JUnitReportReporter -->
<testsuite hostname="Lenovo-PC" failures="0" tests="1" name="com.facebookTest.FacebookSignUpTest" time="0.000" errors="0" timestamp="2020-07-13T18:22:23 IST" skipped="1">
  <testcase classname="com.facebookTest.FacebookSignUpTest" name="loginTest" time="0.000">
    <skipped/>
  </testcase> <!-- loginTest -->
  <system-out/>
</testsuite> <!-- com.facebookTest.FacebookSignUpTest -->
